<?xml version="1.0" encoding="UTF-8"?>
<coverage generated="1785948013865" clover="3.2.0">
  <project timestamp="1785948013866" name="All files">
    <metrics statements="245" coveredstatements="243" conditionals="140" coveredconditionals="137" methods="60" coveredmethods="60" elements="445" coveredelements="440" complexity="0" loc="245" ncloc="245" packages="5" files="7" classes="7"/>
    <package name="components.common">
      <metrics statements="6" coveredstatements="6" conditionals="4" coveredconditionals="4" methods="3" coveredmethods="3"/>
      <file name="SearchHighlight.tsx" path="D:\My Respository\i18n-manager\src\components\common\SearchHighlight.tsx">
        <metrics statements="6" coveredstatements="6" conditionals="4" coveredconditionals="4" methods="3" coveredmethods="3"/>
        <line num="1" count="1" type="stmt"/>
        <line num="11" count="8" type="cond" truecount="2" falsecount="0"/>
        <line num="13" count="6" type="stmt"/>
        <line num="15" count="6" type="stmt"/>
        <line num="18" count="16" type="cond" truecount="2" falsecount="0"/>
        <line num="29" count="6" type="stmt"/>
      </file>
    </package>
    <package name="hooks">
      <metrics statements="21" coveredstatements="21" conditionals="14" coveredconditionals="14" methods="5" coveredmethods="5"/>
      <file name="useSearch.ts" path="D:\My Respository\i18n-manager\src\hooks\useSearch.ts">
        <metrics statements="21" coveredstatements="21" conditionals="14" coveredconditionals="14" methods="5" coveredmethods="5"/>
        <line num="1" count="1" type="stmt"/>
        <line num="17" count="16" type="stmt"/>
        <line num="18" count="16" type="stmt"/>
        <line num="19" count="48" type="stmt"/>
        <line num="21" count="16" type="stmt"/>
        <line num="23" count="9" type="cond" truecount="2" falsecount="0"/>
        <line num="24" count="7" type="stmt"/>
        <line num="25" count="7" type="stmt"/>
        <line num="26" count="7" type="stmt"/>
        <line num="27" count="12" type="stmt"/>
        <line num="29" count="7" type="stmt"/>
        <line num="34" count="16" type="stmt"/>
        <line num="35" count="16" type="cond" truecount="2" falsecount="0"/>
        <line num="36" count="6" type="stmt"/>
        <line num="39" count="16" type="stmt"/>
        <line num="49" count="13" type="stmt"/>
        <line num="50" count="25" type="cond" truecount="2" falsecount="0"/>
        <line num="51" count="25" type="cond" truecount="4" falsecount="0"/>
        <line num="52" count="1" type="stmt"/>
        <line num="53" count="24" type="cond" truecount="4" falsecount="0"/>
        <line num="54" count="7" type="stmt"/>
      </file>
    </package>
    <package name="lib">
      <metrics statements="90" coveredstatements="90" conditionals="74" coveredconditionals="74" methods="12" coveredmethods="12"/>
      <file name="utils.ts" path="D:\My Respository\i18n-manager\src\lib\utils.ts">
        <metrics statements="79" coveredstatements="79" conditionals="71" coveredconditionals="71" methods="11" coveredmethods="11"/>
        <line num="10" count="30" type="stmt"/>
        <line num="12" count="30" type="stmt"/>
        <line num="14" count="30" type="stmt"/>
        <line num="15" count="44" type="cond" truecount="2" falsecount="0"/>
        <line num="16" count="44" type="stmt"/>
        <line num="18" count="44" type="cond" truecount="5" falsecount="0"/>
        <line num="20" count="9" type="stmt"/>
        <line num="22" count="9" type="cond" truecount="2" falsecount="0"/>
        <line num="23" count="1" type="stmt"/>
        <line num="25" count="8" type="stmt"/>
        <line num="27" count="35" type="cond" truecount="2" falsecount="0"/>
        <line num="28" count="3" type="stmt"/>
        <line num="30" count="32" type="stmt"/>
        <line num="34" count="27" type="stmt"/>
        <line num="45" count="12" type="stmt"/>
        <line num="47" count="12" type="stmt"/>
        <line num="48" count="21" type="stmt"/>
        <line num="51" count="12" type="stmt"/>
        <line num="62" count="27" type="stmt"/>
        <line num="63" count="27" type="stmt"/>
        <line num="65" count="27" type="stmt"/>
        <line num="66" count="13" type="stmt"/>
        <line num="67" count="13" type="cond" truecount="2" falsecount="0"/>
        <line num="68" count="9" type="stmt"/>
        <line num="69" count="4" type="cond" truecount="5" falsecount="0"/>
        <line num="71" count="1" type="stmt"/>
        <line num="72" count="1" type="stmt"/>
        <line num="74" count="13" type="stmt"/>
        <line num="77" count="27" type="stmt"/>
        <line num="78" count="27" type="stmt"/>
        <line num="85" count="2" type="stmt"/>
        <line num="95" count="8" type="stmt"/>
        <line num="96" count="8" type="stmt"/>
        <line num="97" count="8" type="cond" truecount="2" falsecount="0"/>
        <line num="98" count="8" type="cond" truecount="5" falsecount="0"/>
        <line num="99" count="4" type="stmt"/>
        <line num="101" count="4" type="cond" truecount="2" falsecount="0"/>
        <line num="102" count="1" type="stmt"/>
        <line num="104" count="3" type="stmt"/>
        <line num="107" count="4" type="stmt"/>
        <line num="110" count="8" type="stmt"/>
        <line num="119" count="2" type="stmt"/>
        <line num="120" count="2" type="stmt"/>
        <line num="121" count="3" type="stmt"/>
        <line num="123" count="2" type="stmt"/>
        <line num="135" count="6" type="stmt"/>
        <line num="136" count="6" type="stmt"/>
        <line num="137" count="6" type="cond" truecount="2" falsecount="0"/>
        <line num="138" count="6" type="cond" truecount="2" falsecount="0"/>
        <line num="140" count="2" type="cond" truecount="5" falsecount="0"/>
        <line num="141" count="1" type="stmt"/>
        <line num="143" count="1" type="stmt"/>
        <line num="145" count="4" type="cond" truecount="2" falsecount="0"/>
        <line num="149" count="2" type="stmt"/>
        <line num="152" count="6" type="stmt"/>
        <line num="162" count="41" type="stmt"/>
        <line num="163" count="41" type="stmt"/>
        <line num="164" count="51" type="cond" truecount="5" falsecount="0"/>
        <line num="165" count="5" type="stmt"/>
        <line num="167" count="46" type="stmt"/>
        <line num="170" count="41" type="stmt"/>
        <line num="181" count="4" type="stmt"/>
        <line num="182" count="4" type="stmt"/>
        <line num="183" count="4" type="stmt"/>
        <line num="184" count="7" type="cond" truecount="5" falsecount="0"/>
        <line num="185" count="1" type="stmt"/>
        <line num="187" count="6" type="cond" truecount="2" falsecount="0"/>
        <line num="188" count="4" type="stmt"/>
        <line num="190" count="1" type="stmt"/>
        <line num="197" count="54" type="stmt"/>
        <line num="209" count="28" type="stmt"/>
        <line num="210" count="28" type="stmt"/>
        <line num="211" count="43" type="cond" truecount="2" falsecount="0"/>
        <line num="212" count="5" type="stmt"/>
        <line num="213" count="38" type="cond" truecount="2" falsecount="0"/>
        <line num="216" count="4" type="cond" truecount="5" falsecount="0"/>
        <line num="217" count="3" type="stmt"/>
        <line num="219" count="1" type="stmt"/>
        <line num="223" count="28" type="stmt"/>
      </file>
      <file name="validation.ts" path="D:\My Respository\i18n-manager\src\lib\validation.ts">
        <metrics statements="11" coveredstatements="11" conditionals="3" coveredconditionals="3" methods="1" coveredmethods="1"/>
        <line num="6" count="1" type="stmt"/>
        <line num="14" count="1" type="stmt"/>
        <line num="22" count="1" type="stmt"/>
        <line num="30" count="1" type="stmt"/>
        <line num="38" count="1" type="stmt"/>
        <line num="47" count="1" type="stmt"/>
        <line num="51" count="2" type="cond" truecount="3" falsecount="0"/>
        <line num="59" count="1" type="stmt"/>
        <line num="65" count="1" type="stmt"/>
        <line num="72" count="1" type="stmt"/>
        <line num="79" count="1" type="stmt"/>
      </file>
    </package>
    <package name="lib.data-layer">
      <metrics statements="22" coveredstatements="22" conditionals="8" coveredconditionals="8" methods="4" coveredmethods="4"/>
      <file name="io.ts" path="D:\My Respository\i18n-manager\src\lib\data-layer\io.ts">
        <metrics statements="22" coveredstatements="22" conditionals="8" coveredconditionals="8" methods="4" coveredmethods="4"/>
        <line num="5" count="1" type="cond" truecount="2" falsecount="0"/>
        <line num="11" count="1" type="stmt"/>
        <line num="18" count="1" type="stmt"/>
        <line num="19" count="1" type="stmt"/>
        <line num="20" count="1" type="stmt"/>
        <line num="28" count="6" type="stmt"/>
        <line num="31" count="6" type="cond" truecount="2" falsecount="0"/>
        <line num="32" count="1" type="stmt"/>
        <line num="35" count="6" type="stmt"/>
        <line num="36" count="6" type="stmt"/>
        <line num="37" count="6" type="stmt"/>
        <line num="46" count="5" type="stmt"/>
        <line num="47" count="5" type="stmt"/>
        <line num="48" count="4" type="stmt"/>
        <line num="50" count="6" type="cond" truecount="2" falsecount="0"/>
        <line num="51" count="5" type="stmt"/>
        <line num="52" count="5" type="stmt"/>
        <line num="64" count="3" type="stmt"/>
        <line num="65" count="3" type="cond" truecount="2" falsecount="0"/>
        <line num="66" count="2" type="stmt"/>
        <line num="68" count="1" type="stmt"/>
        <line num="70" count="1" type="stmt"/>
      </file>
    </package>
    <package name="stores">
      <metrics statements="106" coveredstatements="104" conditionals="40" coveredconditionals="37" methods="36" coveredmethods="36"/>
      <file name="collaborationStore.ts" path="D:\My Respository\i18n-manager\src\stores\collaborationStore.ts">
        <metrics statements="12" coveredstatements="12" conditionals="2" coveredconditionals="2" methods="9" coveredmethods="9"/>
        <line num="1" count="1" type="stmt"/>
        <line num="25" count="1" type="stmt"/>
        <line num="30" count="2" type="stmt"/>
        <line num="33" count="5" type="stmt"/>
        <line num="38" count="2" type="stmt"/>
        <line num="39" count="2" type="stmt"/>
        <line num="40" count="2" type="stmt"/>
        <line num="41" count="2" type="stmt"/>
        <line num="45" count="3" type="stmt"/>
        <line num="46" count="3" type="cond" truecount="2" falsecount="0"/>
        <line num="49" count="4" type="stmt"/>
        <line num="50" count="1" type="stmt"/>
      </file>
      <file name="editorStore.ts" path="D:\My Respository\i18n-manager\src\stores\editorStore.ts">
        <metrics statements="94" coveredstatements="92" conditionals="38" coveredconditionals="35" methods="27" coveredmethods="27"/>
        <line num="1" count="2" type="stmt"/>
        <line num="40" count="2" type="stmt"/>
        <line num="53" count="2" type="stmt"/>
        <line num="56" count="2" type="stmt"/>
        <line num="57" count="1" type="stmt"/>
        <line num="58" count="1" type="stmt"/>
        <line num="59" count="20" type="stmt"/>
        <line num="60" count="2" type="stmt"/>
        <line num="62" count="11" type="stmt"/>
        <line num="64" count="11" type="stmt"/>
        <line num="65" count="11" type="stmt"/>
        <line num="66" count="11" type="stmt"/>
        <line num="67" count="11" type="stmt"/>
        <line num="69" count="11" type="stmt"/>
        <line num="73" count="14" type="stmt"/>
        <line num="75" count="14" type="stmt"/>
        <line num="76" count="14" type="stmt"/>
        <line num="79" count="14" type="stmt"/>
        <line num="80" count="15" type="stmt"/>
        <line num="81" count="13" type="cond" truecount="2" falsecount="0"/>
        <line num="82" count="2" type="stmt"/>
        <line num="83" count="11" type="cond" truecount="2" falsecount="0"/>
        <line num="87" count="2" type="cond" truecount="5" falsecount="0"/>
        <line num="89" count="1" type="stmt"/>
        <line num="92" count="1" type="stmt"/>
        <line num="98" count="14" type="stmt"/>
        <line num="99" count="14" type="stmt"/>
        <line num="106" count="3" type="stmt"/>
        <line num="107" count="3" type="stmt"/>
        <line num="108" count="3" type="stmt"/>
        <line num="114" count="2" type="stmt"/>
        <line num="117" count="2" type="stmt"/>
        <line num="120" count="2" type="stmt"/>
        <line num="121" count="2" type="stmt"/>
        <line num="122" count="2" type="stmt"/>
        <line num="130" count="6" type="stmt"/>
        <line num="131" count="6" type="cond" truecount="5" falsecount="1"/>
        <line num="133" count="5" type="stmt"/>
        <line num="134" count="5" type="stmt"/>
        <line num="135" count="5" type="stmt"/>
        <line num="137" count="6" type="stmt"/>
        <line num="138" count="6" type="stmt"/>
        <line num="141" count="1" type="stmt"/>
        <line num="142" count="1" type="stmt"/>
        <line num="145" count="5" type="cond" truecount="2" falsecount="0"/>
        <line num="146" count="1" type="stmt"/>
        <line num="147" count="1" type="cond" truecount="1" falsecount="1"/>
        <line num="148" count="1" type="stmt"/>
        <line num="149" count="1" type="stmt"/>
        <line num="154" count="5" type="stmt"/>
        <line num="155" count="4" type="cond" truecount="2" falsecount="0"/>
        <line num="156" count="3" type="stmt"/>
        <line num="160" count="5" type="stmt"/>
        <line num="161" count="4" type="stmt"/>
        <line num="163" count="5" type="stmt"/>
        <line num="164" count="5" type="stmt"/>
        <line num="165" count="5" type="stmt"/>
        <line num="167" count="0" type="stmt"/>
        <line num="170" count="5" type="stmt"/>
        <line num="174" count="2" type="stmt"/>
        <line num="175" count="2" type="stmt"/>
        <line num="176" count="2" type="stmt"/>
        <line num="177" count="2" type="stmt"/>
        <line num="179" count="2" type="stmt"/>
        <line num="180" count="2" type="stmt"/>
        <line num="182" count="1" type="stmt"/>
        <line num="183" count="1" type="stmt"/>
        <line num="185" count="1" type="stmt"/>
        <line num="186" count="1" type="stmt"/>
        <line num="187" count="2" type="cond" truecount="2" falsecount="0"/>
        <line num="189" count="1" type="stmt"/>
        <line num="190" count="1" type="stmt"/>
        <line num="191" count="1" type="stmt"/>
        <line num="192" count="1" type="stmt"/>
        <line num="194" count="0" type="stmt"/>
        <line num="197" count="2" type="stmt"/>
        <line num="202" count="1" type="stmt"/>
        <line num="203" count="1" type="stmt"/>
        <line num="204" count="4" type="stmt"/>
        <line num="205" count="4" type="stmt"/>
        <line num="206" count="10" type="stmt"/>
        <line num="207" count="10" type="cond" truecount="5" falsecount="0"/>
        <line num="208" count="2" type="stmt"/>
        <line num="210" count="8" type="stmt"/>
        <line num="213" count="4" type="stmt"/>
        <line num="215" count="1" type="stmt"/>
        <line num="216" count="1" type="stmt"/>
        <line num="217" count="1" type="stmt"/>
        <line num="218" count="1" type="stmt"/>
        <line num="220" count="1" type="stmt"/>
        <line num="223" count="1" type="stmt"/>
        <line num="224" count="1" type="stmt"/>
        <line num="225" count="1" type="cond" truecount="1" falsecount="0"/>
        <line num="226" count="1" type="stmt"/>
      </file>
    </package>
  </project>
</coverage>
