{"D:\\My Respository\\i18n-manager\\src\\components\\common\\SearchHighlight.tsx": {"path":"D:\\My Respository\\i18n-manager\\src\\components\\common\\SearchHighlight.tsx","statementMap":{"0":{"start":{"line":1,"column":0},"end":{"line":1,"column":null}},"1":{"start":{"line":11,"column":2},"end":{"line":11,"column":null}},"2":{"start":{"line":11,"column":23},"end":{"line":11,"column":null}},"3":{"start":{"line":13,"column":16},"end":{"line":13,"column":null}},"4":{"start":{"line":15,"column":2},"end":{"line":24,"column":null}},"5":{"start":{"line":18,"column":8},"end":{"line":21,"column":null}},"6":{"start":{"line":29,"column":2},"end":{"line":29,"column":null}}},"fnMap":{"0":{"name":"SearchHighlight","decl":{"start":{"line":10,"column":24},"end":{"line":10,"column":40}},"loc":{"start":{"line":10,"column":81},"end":{"line":26,"column":null}},"line":10},"1":{"name":"(anonymous_1)","decl":{"start":{"line":17,"column":13},"end":{"line":17,"column":18}},"loc":{"start":{"line":18,"column":8},"end":{"line":21,"column":null}},"line":18},"2":{"name":"escapeRegExp","decl":{"start":{"line":28,"column":9},"end":{"line":28,"column":22}},"loc":{"start":{"line":28,"column":43},"end":{"line":30,"column":null}},"line":28}},"branchMap":{"0":{"loc":{"start":{"line":11,"column":2},"end":{"line":11,"column":null}},"type":"if","locations":[{"start":{"line":11,"column":2},"end":{"line":11,"column":null}},{"start":{},"end":{}}],"line":11},"1":{"loc":{"start":{"line":18,"column":8},"end":{"line":21,"column":null}},"type":"cond-expr","locations":[{"start":{"line":19,"column":10},"end":{"line":19,"column":null}},{"start":{"line":21,"column":10},"end":{"line":21,"column":null}}],"line":18}},"s":{"0":1,"1":8,"2":2,"3":6,"4":6,"5":16,"6":6},"f":{"0":8,"1":16,"2":6},"b":{"0":[2,6],"1":[5,11]},"meta":{"lastBranch":2,"lastFunction":3,"lastStatement":7,"seen":{"s:1:0:1:Infinity":0,"f:10:24:10:40":0,"b:11:2:11:Infinity:undefined:undefined:undefined:undefined":0,"s:11:2:11:Infinity":1,"s:11:23:11:Infinity":2,"s:13:16:13:Infinity":3,"s:15:2:24:Infinity":4,"f:17:13:17:18":1,"s:18:8:21:Infinity":5,"b:19:10:19:Infinity:21:10:21:Infinity":1,"f:28:9:28:22":2,"s:29:2:29:Infinity":6},"fnNames":{}}}
,"D:\\My Respository\\i18n-manager\\src\\hooks\\useSearch.ts": {"path":"D:\\My Respository\\i18n-manager\\src\\hooks\\useSearch.ts","statementMap":{"0":{"start":{"line":1,"column":0},"end":{"line":1,"column":null}},"1":{"start":{"line":17,"column":32},"end":{"line":17,"column":null}},"2":{"start":{"line":18,"column":40},"end":{"line":18,"column":null}},"3":{"start":{"line":19,"column":22},"end":{"line":19,"column":null}},"4":{"start":{"line":19,"column":44},"end":{"line":19,"column":57}},"5":{"start":{"line":21,"column":17},"end":{"line":32,"column":null}},"6":{"start":{"line":23,"column":6},"end":{"line":23,"column":null}},"7":{"start":{"line":23,"column":25},"end":{"line":23,"column":null}},"8":{"start":{"line":24,"column":25},"end":{"line":24,"column":null}},"9":{"start":{"line":25,"column":38},"end":{"line":25,"column":null}},"10":{"start":{"line":26,"column":6},"end":{"line":28,"column":null}},"11":{"start":{"line":27,"column":8},"end":{"line":27,"column":null}},"12":{"start":{"line":29,"column":6},"end":{"line":29,"column":null}},"13":{"start":{"line":34,"column":18},"end":{"line":37,"column":null}},"14":{"start":{"line":35,"column":4},"end":{"line":35,"column":null}},"15":{"start":{"line":35,"column":25},"end":{"line":35,"column":null}},"16":{"start":{"line":36,"column":4},"end":{"line":36,"column":null}},"17":{"start":{"line":39,"column":2},"end":{"line":39,"column":null}},"18":{"start":{"line":49,"column":2},"end":{"line":56,"column":null}},"19":{"start":{"line":50,"column":21},"end":{"line":50,"column":null}},"20":{"start":{"line":51,"column":4},"end":{"line":55,"column":null}},"21":{"start":{"line":52,"column":6},"end":{"line":52,"column":null}},"22":{"start":{"line":53,"column":11},"end":{"line":55,"column":null}},"23":{"start":{"line":54,"column":6},"end":{"line":54,"column":null}}},"fnMap":{"0":{"name":"useSearch","decl":{"start":{"line":16,"column":16},"end":{"line":16,"column":26}},"loc":{"start":{"line":16,"column":59},"end":{"line":40,"column":null}},"line":16},"1":{"name":"(anonymous_1)","decl":{"start":{"line":19,"column":22},"end":{"line":19,"column":38}},"loc":{"start":{"line":19,"column":44},"end":{"line":19,"column":57}},"line":19},"2":{"name":"(anonymous_2)","decl":{"start":{"line":21,"column":17},"end":{"line":21,"column":null}},"loc":{"start":{"line":22,"column":39},"end":{"line":30,"column":null}},"line":22},"3":{"name":"(anonymous_3)","decl":{"start":{"line":34,"column":18},"end":{"line":34,"column":32}},"loc":{"start":{"line":34,"column":32},"end":{"line":37,"column":5}},"line":34},"4":{"name":"searchInObject","decl":{"start":{"line":42,"column":9},"end":{"line":42,"column":null}},"loc":{"start":{"line":48,"column":8},"end":{"line":57,"column":null}},"line":48}},"branchMap":{"0":{"loc":{"start":{"line":23,"column":6},"end":{"line":23,"column":null}},"type":"if","locations":[{"start":{"line":23,"column":6},"end":{"line":23,"column":null}},{"start":{},"end":{}}],"line":23},"1":{"loc":{"start":{"line":35,"column":4},"end":{"line":35,"column":null}},"type":"if","locations":[{"start":{"line":35,"column":4},"end":{"line":35,"column":null}},{"start":{},"end":{}}],"line":35},"2":{"loc":{"start":{"line":50,"column":21},"end":{"line":50,"column":null}},"type":"cond-expr","locations":[{"start":{"line":50,"column":30},"end":{"line":50,"column":51}},{"start":{"line":50,"column":51},"end":{"line":50,"column":null}}],"line":50},"3":{"loc":{"start":{"line":51,"column":4},"end":{"line":55,"column":null}},"type":"if","locations":[{"start":{"line":51,"column":4},"end":{"line":55,"column":null}},{"start":{"line":53,"column":11},"end":{"line":55,"column":null}}],"line":51},"4":{"loc":{"start":{"line":51,"column":8},"end":{"line":51,"column":53}},"type":"binary-expr","locations":[{"start":{"line":51,"column":8},"end":{"line":51,"column":26}},{"start":{"line":51,"column":26},"end":{"line":51,"column":53}}],"line":51},"5":{"loc":{"start":{"line":53,"column":11},"end":{"line":55,"column":null}},"type":"if","locations":[{"start":{"line":53,"column":11},"end":{"line":55,"column":null}},{"start":{},"end":{}}],"line":53},"6":{"loc":{"start":{"line":53,"column":15},"end":{"line":53,"column":81}},"type":"binary-expr","locations":[{"start":{"line":53,"column":15},"end":{"line":53,"column":44}},{"start":{"line":53,"column":44},"end":{"line":53,"column":81}}],"line":53}},"s":{"0":1,"1":16,"2":16,"3":16,"4":48,"5":16,"6":9,"7":2,"8":7,"9":7,"10":7,"11":12,"12":7,"13":16,"14":16,"15":10,"16":6,"17":16,"18":13,"19":25,"20":25,"21":1,"22":24,"23":7},"f":{"0":16,"1":48,"2":9,"3":16,"4":13},"b":{"0":[2,7],"1":[10,6],"2":[2,23],"3":[1,24],"4":[25,25],"5":[7,17],"6":[24,24]},"meta":{"lastBranch":7,"lastFunction":5,"lastStatement":24,"seen":{"s:1:0:1:Infinity":0,"f:16:16:16:26":0,"s:17:32:17:Infinity":1,"s:18:40:18:Infinity":2,"s:19:22:19:Infinity":3,"f:19:22:19:38":1,"s:19:44:19:57":4,"s:21:17:32:Infinity":5,"f:21:17:21:Infinity":2,"b:23:6:23:Infinity:undefined:undefined:undefined:undefined":0,"s:23:6:23:Infinity":6,"s:23:25:23:Infinity":7,"s:24:25:24:Infinity":8,"s:25:38:25:Infinity":9,"s:26:6:28:Infinity":10,"s:27:8:27:Infinity":11,"s:29:6:29:Infinity":12,"s:34:18:37:Infinity":13,"f:34:18:34:32":3,"b:35:4:35:Infinity:undefined:undefined:undefined:undefined":1,"s:35:4:35:Infinity":14,"s:35:25:35:Infinity":15,"s:36:4:36:Infinity":16,"s:39:2:39:Infinity":17,"f:42:9:42:Infinity":4,"s:49:2:56:Infinity":18,"s:50:21:50:Infinity":19,"b:50:30:50:51:50:51:50:Infinity":2,"b:51:4:55:Infinity:53:11:55:Infinity":3,"s:51:4:55:Infinity":20,"b:51:8:51:26:51:26:51:53":4,"s:52:6:52:Infinity":21,"b:53:11:55:Infinity:undefined:undefined:undefined:undefined":5,"s:53:11:55:Infinity":22,"b:53:15:53:44:53:44:53:81":6,"s:54:6:54:Infinity":23},"fnNames":{}}}
,"D:\\My Respository\\i18n-manager\\src\\lib\\utils.ts": {"path":"D:\\My Respository\\i18n-manager\\src\\lib\\utils.ts","statementMap":{"0":{"start":{"line":10,"column":38},"end":{"line":10,"column":null}},"1":{"start":{"line":12,"column":15},"end":{"line":12,"column":null}},"2":{"start":{"line":14,"column":2},"end":{"line":32,"column":null}},"3":{"start":{"line":15,"column":21},"end":{"line":15,"column":null}},"4":{"start":{"line":16,"column":18},"end":{"line":16,"column":null}},"5":{"start":{"line":18,"column":4},"end":{"line":31,"column":null}},"6":{"start":{"line":20,"column":21},"end":{"line":20,"column":null}},"7":{"start":{"line":22,"column":6},"end":{"line":26,"column":null}},"8":{"start":{"line":23,"column":8},"end":{"line":23,"column":null}},"9":{"start":{"line":25,"column":8},"end":{"line":25,"column":null}},"10":{"start":{"line":27,"column":11},"end":{"line":31,"column":null}},"11":{"start":{"line":28,"column":6},"end":{"line":28,"column":null}},"12":{"start":{"line":30,"column":6},"end":{"line":30,"column":null}},"13":{"start":{"line":34,"column":2},"end":{"line":34,"column":null}},"14":{"start":{"line":45,"column":38},"end":{"line":45,"column":null}},"15":{"start":{"line":47,"column":2},"end":{"line":49,"column":null}},"16":{"start":{"line":48,"column":4},"end":{"line":48,"column":null}},"17":{"start":{"line":51,"column":2},"end":{"line":51,"column":null}},"18":{"start":{"line":62,"column":16},"end":{"line":62,"column":null}},"19":{"start":{"line":63,"column":16},"end":{"line":63,"column":null}},"20":{"start":{"line":65,"column":2},"end":{"line":75,"column":null}},"21":{"start":{"line":65,"column":15},"end":{"line":65,"column":18}},"22":{"start":{"line":66,"column":17},"end":{"line":66,"column":null}},"23":{"start":{"line":67,"column":4},"end":{"line":73,"column":null}},"24":{"start":{"line":68,"column":6},"end":{"line":68,"column":null}},"25":{"start":{"line":69,"column":11},"end":{"line":73,"column":null}},"26":{"start":{"line":71,"column":6},"end":{"line":71,"column":null}},"27":{"start":{"line":72,"column":6},"end":{"line":72,"column":null}},"28":{"start":{"line":74,"column":4},"end":{"line":74,"column":null}},"29":{"start":{"line":77,"column":19},"end":{"line":77,"column":null}},"30":{"start":{"line":78,"column":2},"end":{"line":78,"column":null}},"31":{"start":{"line":85,"column":2},"end":{"line":85,"column":null}},"32":{"start":{"line":95,"column":26},"end":{"line":95,"column":null}},"33":{"start":{"line":96,"column":2},"end":{"line":109,"column":null}},"34":{"start":{"line":97,"column":17},"end":{"line":97,"column":null}},"35":{"start":{"line":98,"column":4},"end":{"line":108,"column":null}},"36":{"start":{"line":99,"column":21},"end":{"line":99,"column":null}},"37":{"start":{"line":101,"column":6},"end":{"line":105,"column":null}},"38":{"start":{"line":102,"column":8},"end":{"line":102,"column":null}},"39":{"start":{"line":104,"column":8},"end":{"line":104,"column":null}},"40":{"start":{"line":107,"column":6},"end":{"line":107,"column":null}},"41":{"start":{"line":110,"column":2},"end":{"line":110,"column":null}},"42":{"start":{"line":119,"column":38},"end":{"line":119,"column":null}},"43":{"start":{"line":120,"column":2},"end":{"line":122,"column":null}},"44":{"start":{"line":121,"column":4},"end":{"line":121,"column":null}},"45":{"start":{"line":123,"column":2},"end":{"line":123,"column":null}},"46":{"start":{"line":135,"column":28},"end":{"line":135,"column":null}},"47":{"start":{"line":136,"column":2},"end":{"line":151,"column":null}},"48":{"start":{"line":137,"column":17},"end":{"line":137,"column":null}},"49":{"start":{"line":138,"column":4},"end":{"line":150,"column":null}},"50":{"start":{"line":140,"column":6},"end":{"line":144,"column":null}},"51":{"start":{"line":141,"column":8},"end":{"line":141,"column":null}},"52":{"start":{"line":143,"column":8},"end":{"line":143,"column":null}},"53":{"start":{"line":145,"column":11},"end":{"line":150,"column":null}},"54":{"start":{"line":149,"column":6},"end":{"line":149,"column":null}},"55":{"start":{"line":152,"column":2},"end":{"line":152,"column":null}},"56":{"start":{"line":162,"column":38},"end":{"line":162,"column":null}},"57":{"start":{"line":163,"column":2},"end":{"line":169,"column":null}},"58":{"start":{"line":164,"column":4},"end":{"line":168,"column":null}},"59":{"start":{"line":165,"column":6},"end":{"line":165,"column":null}},"60":{"start":{"line":167,"column":6},"end":{"line":167,"column":null}},"61":{"start":{"line":170,"column":2},"end":{"line":170,"column":null}},"62":{"start":{"line":181,"column":16},"end":{"line":181,"column":null}},"63":{"start":{"line":182,"column":21},"end":{"line":182,"column":null}},"64":{"start":{"line":183,"column":2},"end":{"line":189,"column":null}},"65":{"start":{"line":184,"column":4},"end":{"line":186,"column":null}},"66":{"start":{"line":185,"column":6},"end":{"line":185,"column":null}},"67":{"start":{"line":187,"column":4},"end":{"line":187,"column":null}},"68":{"start":{"line":187,"column":28},"end":{"line":187,"column":null}},"69":{"start":{"line":188,"column":4},"end":{"line":188,"column":null}},"70":{"start":{"line":190,"column":2},"end":{"line":190,"column":null}},"71":{"start":{"line":197,"column":2},"end":{"line":197,"column":null}},"72":{"start":{"line":209,"column":17},"end":{"line":209,"column":null}},"73":{"start":{"line":210,"column":2},"end":{"line":222,"column":null}},"74":{"start":{"line":211,"column":4},"end":{"line":221,"column":null}},"75":{"start":{"line":212,"column":6},"end":{"line":212,"column":null}},"76":{"start":{"line":213,"column":11},"end":{"line":221,"column":null}},"77":{"start":{"line":216,"column":6},"end":{"line":220,"column":null}},"78":{"start":{"line":217,"column":8},"end":{"line":217,"column":null}},"79":{"start":{"line":219,"column":8},"end":{"line":219,"column":null}},"80":{"start":{"line":223,"column":2},"end":{"line":223,"column":null}}},"fnMap":{"0":{"name":"flattenObject","decl":{"start":{"line":6,"column":16},"end":{"line":6,"column":null}},"loc":{"start":{"line":9,"column":23},"end":{"line":35,"column":null}},"line":9},"1":{"name":"unflattenObject","decl":{"start":{"line":42,"column":16},"end":{"line":42,"column":null}},"loc":{"start":{"line":44,"column":23},"end":{"line":52,"column":null}},"line":44},"2":{"name":"setNestedValue","decl":{"start":{"line":57,"column":16},"end":{"line":57,"column":null}},"loc":{"start":{"line":61,"column":8},"end":{"line":79,"column":null}},"line":61},"3":{"name":"keyExists","decl":{"start":{"line":84,"column":16},"end":{"line":84,"column":26}},"loc":{"start":{"line":84,"column":80},"end":{"line":86,"column":null}},"line":84},"4":{"name":"getLeafPaths","decl":{"start":{"line":91,"column":16},"end":{"line":91,"column":null}},"loc":{"start":{"line":94,"column":12},"end":{"line":111,"column":null}},"line":94},"5":{"name":"createNestedFromPaths","decl":{"start":{"line":118,"column":16},"end":{"line":118,"column":38}},"loc":{"start":{"line":118,"column":76},"end":{"line":124,"column":null}},"line":118},"6":{"name":"findMissingPaths","decl":{"start":{"line":130,"column":16},"end":{"line":130,"column":null}},"loc":{"start":{"line":134,"column":12},"end":{"line":153,"column":null}},"line":134},"7":{"name":"emptyTranslationsFromSchema","decl":{"start":{"line":159,"column":16},"end":{"line":159,"column":null}},"loc":{"start":{"line":161,"column":23},"end":{"line":171,"column":null}},"line":161},"8":{"name":"hasNestedPath","decl":{"start":{"line":177,"column":16},"end":{"line":177,"column":null}},"loc":{"start":{"line":180,"column":11},"end":{"line":191,"column":null}},"line":180},"9":{"name":"deepClone","decl":{"start":{"line":196,"column":16},"end":{"line":196,"column":29}},"loc":{"start":{"line":196,"column":40},"end":{"line":198,"column":null}},"line":196},"10":{"name":"deepMergeTemplate","decl":{"start":{"line":205,"column":16},"end":{"line":205,"column":null}},"loc":{"start":{"line":208,"column":23},"end":{"line":224,"column":null}},"line":208}},"branchMap":{"0":{"loc":{"start":{"line":8,"column":2},"end":{"line":8,"column":null}},"type":"default-arg","locations":[{"start":{"line":8,"column":11},"end":{"line":8,"column":null}}],"line":8},"1":{"loc":{"start":{"line":15,"column":21},"end":{"line":15,"column":null}},"type":"cond-expr","locations":[{"start":{"line":15,"column":30},"end":{"line":15,"column":51}},{"start":{"line":15,"column":51},"end":{"line":15,"column":null}}],"line":15},"2":{"loc":{"start":{"line":18,"column":4},"end":{"line":31,"column":null}},"type":"if","locations":[{"start":{"line":18,"column":4},"end":{"line":31,"column":null}},{"start":{"line":27,"column":11},"end":{"line":31,"column":null}}],"line":18},"3":{"loc":{"start":{"line":18,"column":8},"end":{"line":18,"column":78}},"type":"binary-expr","locations":[{"start":{"line":18,"column":8},"end":{"line":18,"column":26}},{"start":{"line":18,"column":26},"end":{"line":18,"column":55}},{"start":{"line":18,"column":55},"end":{"line":18,"column":78}}],"line":18},"4":{"loc":{"start":{"line":22,"column":6},"end":{"line":26,"column":null}},"type":"if","locations":[{"start":{"line":22,"column":6},"end":{"line":26,"column":null}},{"start":{"line":24,"column":13},"end":{"line":26,"column":null}}],"line":22},"5":{"loc":{"start":{"line":27,"column":11},"end":{"line":31,"column":null}},"type":"if","locations":[{"start":{"line":27,"column":11},"end":{"line":31,"column":null}},{"start":{"line":29,"column":11},"end":{"line":31,"column":null}}],"line":27},"6":{"loc":{"start":{"line":67,"column":4},"end":{"line":73,"column":null}},"type":"if","locations":[{"start":{"line":67,"column":4},"end":{"line":73,"column":null}},{"start":{"line":69,"column":11},"end":{"line":73,"column":null}}],"line":67},"7":{"loc":{"start":{"line":69,"column":11},"end":{"line":73,"column":null}},"type":"if","locations":[{"start":{"line":69,"column":11},"end":{"line":73,"column":null}},{"start":{},"end":{}}],"line":69},"8":{"loc":{"start":{"line":69,"column":15},"end":{"line":69,"column":108}},"type":"binary-expr","locations":[{"start":{"line":69,"column":15},"end":{"line":69,"column":52}},{"start":{"line":69,"column":52},"end":{"line":69,"column":78}},{"start":{"line":69,"column":78},"end":{"line":69,"column":108}}],"line":69},"9":{"loc":{"start":{"line":93,"column":2},"end":{"line":93,"column":null}},"type":"default-arg","locations":[{"start":{"line":93,"column":11},"end":{"line":93,"column":null}}],"line":93},"10":{"loc":{"start":{"line":97,"column":17},"end":{"line":97,"column":null}},"type":"cond-expr","locations":[{"start":{"line":97,"column":26},"end":{"line":97,"column":47}},{"start":{"line":97,"column":47},"end":{"line":97,"column":null}}],"line":97},"11":{"loc":{"start":{"line":98,"column":4},"end":{"line":108,"column":null}},"type":"if","locations":[{"start":{"line":98,"column":4},"end":{"line":108,"column":null}},{"start":{"line":106,"column":11},"end":{"line":108,"column":null}}],"line":98},"12":{"loc":{"start":{"line":98,"column":8},"end":{"line":98,"column":78}},"type":"binary-expr","locations":[{"start":{"line":98,"column":8},"end":{"line":98,"column":26}},{"start":{"line":98,"column":26},"end":{"line":98,"column":55}},{"start":{"line":98,"column":55},"end":{"line":98,"column":78}}],"line":98},"13":{"loc":{"start":{"line":101,"column":6},"end":{"line":105,"column":null}},"type":"if","locations":[{"start":{"line":101,"column":6},"end":{"line":105,"column":null}},{"start":{"line":103,"column":13},"end":{"line":105,"column":null}}],"line":101},"14":{"loc":{"start":{"line":133,"column":2},"end":{"line":133,"column":null}},"type":"default-arg","locations":[{"start":{"line":133,"column":11},"end":{"line":133,"column":null}}],"line":133},"15":{"loc":{"start":{"line":137,"column":17},"end":{"line":137,"column":null}},"type":"cond-expr","locations":[{"start":{"line":137,"column":26},"end":{"line":137,"column":47}},{"start":{"line":137,"column":47},"end":{"line":137,"column":null}}],"line":137},"16":{"loc":{"start":{"line":138,"column":4},"end":{"line":150,"column":null}},"type":"if","locations":[{"start":{"line":138,"column":4},"end":{"line":150,"column":null}},{"start":{"line":145,"column":11},"end":{"line":150,"column":null}}],"line":138},"17":{"loc":{"start":{"line":140,"column":6},"end":{"line":144,"column":null}},"type":"if","locations":[{"start":{"line":140,"column":6},"end":{"line":144,"column":null}},{"start":{"line":142,"column":13},"end":{"line":144,"column":null}}],"line":140},"18":{"loc":{"start":{"line":140,"column":10},"end":{"line":140,"column":80}},"type":"binary-expr","locations":[{"start":{"line":140,"column":10},"end":{"line":140,"column":28}},{"start":{"line":140,"column":28},"end":{"line":140,"column":57}},{"start":{"line":140,"column":57},"end":{"line":140,"column":80}}],"line":140},"19":{"loc":{"start":{"line":145,"column":11},"end":{"line":150,"column":null}},"type":"if","locations":[{"start":{"line":145,"column":11},"end":{"line":150,"column":null}},{"start":{},"end":{}}],"line":145},"20":{"loc":{"start":{"line":146,"column":6},"end":{"line":147,"column":null}},"type":"binary-expr","locations":[{"start":{"line":146,"column":6},"end":{"line":146,"column":24}},{"start":{"line":146,"column":24},"end":{"line":146,"column":53}},{"start":{"line":146,"column":53},"end":{"line":146,"column":null}},{"start":{"line":147,"column":6},"end":{"line":147,"column":30}},{"start":{"line":147,"column":30},"end":{"line":147,"column":65}},{"start":{"line":147,"column":65},"end":{"line":147,"column":null}}],"line":146},"21":{"loc":{"start":{"line":164,"column":4},"end":{"line":168,"column":null}},"type":"if","locations":[{"start":{"line":164,"column":4},"end":{"line":168,"column":null}},{"start":{"line":166,"column":11},"end":{"line":168,"column":null}}],"line":164},"22":{"loc":{"start":{"line":164,"column":8},"end":{"line":164,"column":78}},"type":"binary-expr","locations":[{"start":{"line":164,"column":8},"end":{"line":164,"column":26}},{"start":{"line":164,"column":26},"end":{"line":164,"column":55}},{"start":{"line":164,"column":55},"end":{"line":164,"column":78}}],"line":164},"23":{"loc":{"start":{"line":184,"column":4},"end":{"line":186,"column":null}},"type":"if","locations":[{"start":{"line":184,"column":4},"end":{"line":186,"column":null}},{"start":{},"end":{}}],"line":184},"24":{"loc":{"start":{"line":184,"column":8},"end":{"line":184,"column":82}},"type":"binary-expr","locations":[{"start":{"line":184,"column":8},"end":{"line":184,"column":27}},{"start":{"line":184,"column":27},"end":{"line":184,"column":58}},{"start":{"line":184,"column":58},"end":{"line":184,"column":82}}],"line":184},"25":{"loc":{"start":{"line":187,"column":4},"end":{"line":187,"column":null}},"type":"if","locations":[{"start":{"line":187,"column":4},"end":{"line":187,"column":null}},{"start":{},"end":{}}],"line":187},"26":{"loc":{"start":{"line":211,"column":4},"end":{"line":221,"column":null}},"type":"if","locations":[{"start":{"line":211,"column":4},"end":{"line":221,"column":null}},{"start":{"line":213,"column":11},"end":{"line":221,"column":null}}],"line":211},"27":{"loc":{"start":{"line":213,"column":11},"end":{"line":221,"column":null}},"type":"if","locations":[{"start":{"line":213,"column":11},"end":{"line":221,"column":null}},{"start":{},"end":{}}],"line":213},"28":{"loc":{"start":{"line":214,"column":6},"end":{"line":214,"column":null}},"type":"binary-expr","locations":[{"start":{"line":214,"column":6},"end":{"line":214,"column":24}},{"start":{"line":214,"column":24},"end":{"line":214,"column":53}},{"start":{"line":214,"column":53},"end":{"line":214,"column":null}}],"line":214},"29":{"loc":{"start":{"line":216,"column":6},"end":{"line":220,"column":null}},"type":"if","locations":[{"start":{"line":216,"column":6},"end":{"line":220,"column":null}},{"start":{"line":218,"column":13},"end":{"line":220,"column":null}}],"line":216},"30":{"loc":{"start":{"line":216,"column":10},"end":{"line":216,"column":98}},"type":"binary-expr","locations":[{"start":{"line":216,"column":10},"end":{"line":216,"column":34}},{"start":{"line":216,"column":34},"end":{"line":216,"column":69}},{"start":{"line":216,"column":69},"end":{"line":216,"column":98}}],"line":216}},"s":{"0":30,"1":30,"2":30,"3":44,"4":44,"5":44,"6":9,"7":9,"8":1,"9":8,"10":35,"11":3,"12":32,"13":27,"14":12,"15":12,"16":21,"17":12,"18":27,"19":27,"20":27,"21":27,"22":13,"23":13,"24":9,"25":4,"26":1,"27":1,"28":13,"29":27,"30":27,"31":2,"32":8,"33":8,"34":8,"35":8,"36":4,"37":4,"38":1,"39":3,"40":4,"41":8,"42":2,"43":2,"44":3,"45":2,"46":6,"47":6,"48":6,"49":6,"50":2,"51":1,"52":1,"53":4,"54":2,"55":6,"56":41,"57":41,"58":51,"59":5,"60":46,"61":41,"62":4,"63":4,"64":4,"65":7,"66":1,"67":6,"68":2,"69":4,"70":1,"71":54,"72":28,"73":28,"74":43,"75":5,"76":38,"77":4,"78":3,"79":1,"80":28},"f":{"0":30,"1":12,"2":27,"3":2,"4":8,"5":2,"6":6,"7":41,"8":4,"9":54,"10":28},"b":{"0":[30],"1":[12,32],"2":[9,35],"3":[44,43,12],"4":[1,8],"5":[3,32],"6":[9,4],"7":[1,3],"8":[4,3,3],"9":[8],"10":[5,3],"11":[4,4],"12":[8,8,4],"13":[1,3],"14":[6],"15":[3,3],"16":[2,4],"17":[1,1],"18":[2,2,1],"19":[2,2],"20":[4,4,2,2,2,2],"21":[5,46],"22":[51,51,5],"23":[1,6],"24":[7,7,6],"25":[2,4],"26":[5,38],"27":[4,34],"28":[38,38,4],"29":[3,1],"30":[4,4,3]},"meta":{"lastBranch":31,"lastFunction":11,"lastStatement":81,"seen":{"f:6:16:6:Infinity":0,"b:8:11:8:Infinity":0,"s:10:38:10:Infinity":0,"s:12:15:12:Infinity":1,"s:14:2:32:Infinity":2,"s:15:21:15:Infinity":3,"b:15:30:15:51:15:51:15:Infinity":1,"s:16:18:16:Infinity":4,"b:18:4:31:Infinity:27:11:31:Infinity":2,"s:18:4:31:Infinity":5,"b:18:8:18:26:18:26:18:55:18:55:18:78":3,"s:20:21:20:Infinity":6,"b:22:6:26:Infinity:24:13:26:Infinity":4,"s:22:6:26:Infinity":7,"s:23:8:23:Infinity":8,"s:25:8:25:Infinity":9,"b:27:11:31:Infinity:29:11:31:Infinity":5,"s:27:11:31:Infinity":10,"s:28:6:28:Infinity":11,"s:30:6:30:Infinity":12,"s:34:2:34:Infinity":13,"f:42:16:42:Infinity":1,"s:45:38:45:Infinity":14,"s:47:2:49:Infinity":15,"s:48:4:48:Infinity":16,"s:51:2:51:Infinity":17,"f:57:16:57:Infinity":2,"s:62:16:62:Infinity":18,"s:63:16:63:Infinity":19,"s:65:2:75:Infinity":20,"s:65:15:65:18":21,"s:66:17:66:Infinity":22,"b:67:4:73:Infinity:69:11:73:Infinity":6,"s:67:4:73:Infinity":23,"s:68:6:68:Infinity":24,"b:69:11:73:Infinity:undefined:undefined:undefined:undefined":7,"s:69:11:73:Infinity":25,"b:69:15:69:52:69:52:69:78:69:78:69:108":8,"s:71:6:71:Infinity":26,"s:72:6:72:Infinity":27,"s:74:4:74:Infinity":28,"s:77:19:77:Infinity":29,"s:78:2:78:Infinity":30,"f:84:16:84:26":3,"s:85:2:85:Infinity":31,"f:91:16:91:Infinity":4,"b:93:11:93:Infinity":9,"s:95:26:95:Infinity":32,"s:96:2:109:Infinity":33,"s:97:17:97:Infinity":34,"b:97:26:97:47:97:47:97:Infinity":10,"b:98:4:108:Infinity:106:11:108:Infinity":11,"s:98:4:108:Infinity":35,"b:98:8:98:26:98:26:98:55:98:55:98:78":12,"s:99:21:99:Infinity":36,"b:101:6:105:Infinity:103:13:105:Infinity":13,"s:101:6:105:Infinity":37,"s:102:8:102:Infinity":38,"s:104:8:104:Infinity":39,"s:107:6:107:Infinity":40,"s:110:2:110:Infinity":41,"f:118:16:118:38":5,"s:119:38:119:Infinity":42,"s:120:2:122:Infinity":43,"s:121:4:121:Infinity":44,"s:123:2:123:Infinity":45,"f:130:16:130:Infinity":6,"b:133:11:133:Infinity":14,"s:135:28:135:Infinity":46,"s:136:2:151:Infinity":47,"s:137:17:137:Infinity":48,"b:137:26:137:47:137:47:137:Infinity":15,"b:138:4:150:Infinity:145:11:150:Infinity":16,"s:138:4:150:Infinity":49,"b:140:6:144:Infinity:142:13:144:Infinity":17,"s:140:6:144:Infinity":50,"b:140:10:140:28:140:28:140:57:140:57:140:80":18,"s:141:8:141:Infinity":51,"s:143:8:143:Infinity":52,"b:145:11:150:Infinity:undefined:undefined:undefined:undefined":19,"s:145:11:150:Infinity":53,"b:146:6:146:24:146:24:146:53:146:53:146:Infinity:147:6:147:30:147:30:147:65:147:65:147:Infinity":20,"s:149:6:149:Infinity":54,"s:152:2:152:Infinity":55,"f:159:16:159:Infinity":7,"s:162:38:162:Infinity":56,"s:163:2:169:Infinity":57,"b:164:4:168:Infinity:166:11:168:Infinity":21,"s:164:4:168:Infinity":58,"b:164:8:164:26:164:26:164:55:164:55:164:78":22,"s:165:6:165:Infinity":59,"s:167:6:167:Infinity":60,"s:170:2:170:Infinity":61,"f:177:16:177:Infinity":8,"s:181:16:181:Infinity":62,"s:182:21:182:Infinity":63,"s:183:2:189:Infinity":64,"b:184:4:186:Infinity:undefined:undefined:undefined:undefined":23,"s:184:4:186:Infinity":65,"b:184:8:184:27:184:27:184:58:184:58:184:82":24,"s:185:6:185:Infinity":66,"b:187:4:187:Infinity:undefined:undefined:undefined:undefined":25,"s:187:4:187:Infinity":67,"s:187:28:187:Infinity":68,"s:188:4:188:Infinity":69,"s:190:2:190:Infinity":70,"f:196:16:196:29":9,"s:197:2:197:Infinity":71,"f:205:16:205:Infinity":10,"s:209:17:209:Infinity":72,"s:210:2:222:Infinity":73,"b:211:4:221:Infinity:213:11:221:Infinity":26,"s:211:4:221:Infinity":74,"s:212:6:212:Infinity":75,"b:213:11:221:Infinity:undefined:undefined:undefined:undefined":27,"s:213:11:221:Infinity":76,"b:214:6:214:24:214:24:214:53:214:53:214:Infinity":28,"b:216:6:220:Infinity:218:13:220:Infinity":29,"s:216:6:220:Infinity":77,"b:216:10:216:34:216:34:216:69:216:69:216:98":30,"s:217:8:217:Infinity":78,"s:219:8:219:Infinity":79,"s:223:2:223:Infinity":80},"fnNames":{}}}
,"D:\\My Respository\\i18n-manager\\src\\lib\\validation.ts": {"path":"D:\\My Respository\\i18n-manager\\src\\lib\\validation.ts","statementMap":{"0":{"start":{"line":6,"column":34},"end":{"line":9,"column":null}},"1":{"start":{"line":14,"column":40},"end":{"line":17,"column":null}},"2":{"start":{"line":22,"column":35},"end":{"line":25,"column":null}},"3":{"start":{"line":30,"column":35},"end":{"line":33,"column":null}},"4":{"start":{"line":38,"column":26},"end":{"line":42,"column":null}},"5":{"start":{"line":47,"column":66},"end":{"line":54,"column":null}},"6":{"start":{"line":51,"column":6},"end":{"line":51,"column":null}},"7":{"start":{"line":59,"column":71},"end":{"line":60,"column":null}},"8":{"start":{"line":65,"column":36},"end":{"line":67,"column":null}},"9":{"start":{"line":72,"column":37},"end":{"line":74,"column":null}},"10":{"start":{"line":79,"column":35},"end":{"line":79,"column":null}}},"fnMap":{"0":{"name":"(anonymous_0)","decl":{"start":{"line":49,"column":3},"end":{"line":49,"column":null}},"loc":{"start":{"line":50,"column":13},"end":{"line":52,"column":null}},"line":50}},"branchMap":{"0":{"loc":{"start":{"line":51,"column":13},"end":{"line":51,"column":null}},"type":"binary-expr","locations":[{"start":{"line":51,"column":13},"end":{"line":51,"column":29}},{"start":{"line":51,"column":29},"end":{"line":51,"column":56}},{"start":{"line":51,"column":56},"end":{"line":51,"column":null}}],"line":51}},"s":{"0":1,"1":1,"2":1,"3":1,"4":1,"5":1,"6":2,"7":1,"8":1,"9":1,"10":1},"f":{"0":2},"b":{"0":[2,2,2]},"meta":{"lastBranch":1,"lastFunction":1,"lastStatement":11,"seen":{"s:6:34:9:Infinity":0,"s:14:40:17:Infinity":1,"s:22:35:25:Infinity":2,"s:30:35:33:Infinity":3,"s:38:26:42:Infinity":4,"s:47:66:54:Infinity":5,"f:49:3:49:Infinity":0,"s:51:6:51:Infinity":6,"b:51:13:51:29:51:29:51:56:51:56:51:Infinity":0,"s:59:71:60:Infinity":7,"s:65:36:67:Infinity":8,"s:72:37:74:Infinity":9,"s:79:35:79:Infinity":10},"fnNames":{}}}
,"D:\\My Respository\\i18n-manager\\src\\lib\\data-layer\\io.ts": {"path":"D:\\My Respository\\i18n-manager\\src\\lib\\data-layer\\io.ts","statementMap":{"0":{"start":{"line":5,"column":17},"end":{"line":5,"column":null}},"1":{"start":{"line":11,"column":2},"end":{"line":11,"column":null}},"2":{"start":{"line":18,"column":14},"end":{"line":18,"column":null}},"3":{"start":{"line":19,"column":2},"end":{"line":19,"column":null}},"4":{"start":{"line":20,"column":2},"end":{"line":20,"column":null}},"5":{"start":{"line":28,"column":2},"end":{"line":28,"column":null}},"6":{"start":{"line":31,"column":2},"end":{"line":33,"column":null}},"7":{"start":{"line":32,"column":4},"end":{"line":32,"column":null}},"8":{"start":{"line":35,"column":41},"end":{"line":35,"column":null}},"9":{"start":{"line":36,"column":2},"end":{"line":57,"column":null}},"10":{"start":{"line":37,"column":4},"end":{"line":44,"column":null}},"11":{"start":{"line":46,"column":20},"end":{"line":46,"column":null}},"12":{"start":{"line":47,"column":4},"end":{"line":47,"column":null}},"13":{"start":{"line":48,"column":4},"end":{"line":48,"column":null}},"14":{"start":{"line":50,"column":4},"end":{"line":56,"column":null}},"15":{"start":{"line":51,"column":6},"end":{"line":55,"column":null}},"16":{"start":{"line":52,"column":8},"end":{"line":52,"column":null}},"17":{"start":{"line":64,"column":2},"end":{"line":71,"column":null}},"18":{"start":{"line":65,"column":4},"end":{"line":67,"column":null}},"19":{"start":{"line":66,"column":6},"end":{"line":66,"column":null}},"20":{"start":{"line":68,"column":4},"end":{"line":68,"column":null}},"21":{"start":{"line":70,"column":4},"end":{"line":70,"column":null}}},"fnMap":{"0":{"name":"getProjectDir","decl":{"start":{"line":10,"column":9},"end":{"line":10,"column":23}},"loc":{"start":{"line":10,"column":50},"end":{"line":12,"column":null}},"line":10},"1":{"name":"ensureProjectDir","decl":{"start":{"line":17,"column":15},"end":{"line":17,"column":32}},"loc":{"start":{"line":17,"column":68},"end":{"line":21,"column":null}},"line":17},"2":{"name":"atomicWriteJson","decl":{"start":{"line":27,"column":15},"end":{"line":27,"column":31}},"loc":{"start":{"line":27,"column":75},"end":{"line":58,"column":null}},"line":27},"3":{"name":"readJson","decl":{"start":{"line":63,"column":15},"end":{"line":63,"column":27}},"loc":{"start":{"line":63,"column":74},"end":{"line":72,"column":null}},"line":63}},"branchMap":{"0":{"loc":{"start":{"line":5,"column":17},"end":{"line":5,"column":null}},"type":"binary-expr","locations":[{"start":{"line":5,"column":17},"end":{"line":5,"column":41}},{"start":{"line":5,"column":41},"end":{"line":5,"column":null}}],"line":5},"1":{"loc":{"start":{"line":31,"column":2},"end":{"line":33,"column":null}},"type":"if","locations":[{"start":{"line":31,"column":2},"end":{"line":33,"column":null}},{"start":{},"end":{}}],"line":31},"2":{"loc":{"start":{"line":50,"column":4},"end":{"line":56,"column":null}},"type":"if","locations":[{"start":{"line":50,"column":4},"end":{"line":56,"column":null}},{"start":{},"end":{}}],"line":50},"3":{"loc":{"start":{"line":65,"column":4},"end":{"line":67,"column":null}},"type":"if","locations":[{"start":{"line":65,"column":4},"end":{"line":67,"column":null}},{"start":{},"end":{}}],"line":65}},"s":{"0":1,"1":1,"2":1,"3":1,"4":1,"5":6,"6":6,"7":1,"8":6,"9":6,"10":6,"11":5,"12":5,"13":4,"14":6,"15":5,"16":5,"17":3,"18":3,"19":2,"20":1,"21":1},"f":{"0":1,"1":1,"2":6,"3":3},"b":{"0":[1,1],"1":[1,5],"2":[5,1],"3":[2,1]},"meta":{"lastBranch":4,"lastFunction":4,"lastStatement":22,"seen":{"s:5:17:5:Infinity":0,"b:5:17:5:41:5:41:5:Infinity":0,"f:10:9:10:23":0,"s:11:2:11:Infinity":1,"f:17:15:17:32":1,"s:18:14:18:Infinity":2,"s:19:2:19:Infinity":3,"s:20:2:20:Infinity":4,"f:27:15:27:31":2,"s:28:2:28:Infinity":5,"b:31:2:33:Infinity:undefined:undefined:undefined:undefined":1,"s:31:2:33:Infinity":6,"s:32:4:32:Infinity":7,"s:35:41:35:Infinity":8,"s:36:2:57:Infinity":9,"s:37:4:44:Infinity":10,"s:46:20:46:Infinity":11,"s:47:4:47:Infinity":12,"s:48:4:48:Infinity":13,"b:50:4:56:Infinity:undefined:undefined:undefined:undefined":2,"s:50:4:56:Infinity":14,"s:51:6:55:Infinity":15,"s:52:8:52:Infinity":16,"f:63:15:63:27":3,"s:64:2:71:Infinity":17,"b:65:4:67:Infinity:undefined:undefined:undefined:undefined":3,"s:65:4:67:Infinity":18,"s:66:6:66:Infinity":19,"s:68:4:68:Infinity":20,"s:70:4:70:Infinity":21},"fnNames":{}}}
,"D:\\My Respository\\i18n-manager\\src\\stores\\collaborationStore.ts": {"path":"D:\\My Respository\\i18n-manager\\src\\stores\\collaborationStore.ts","statementMap":{"0":{"start":{"line":1,"column":0},"end":{"line":1,"column":null}},"1":{"start":{"line":25,"column":37},"end":{"line":51,"column":null}},"2":{"start":{"line":25,"column":79},"end":{"line":51,"column":2}},"3":{"start":{"line":30,"column":35},"end":{"line":30,"column":null}},"4":{"start":{"line":33,"column":4},"end":{"line":35,"column":null}},"5":{"start":{"line":33,"column":20},"end":{"line":35,"column":6}},"6":{"start":{"line":38,"column":4},"end":{"line":42,"column":null}},"7":{"start":{"line":39,"column":18},"end":{"line":39,"column":null}},"8":{"start":{"line":40,"column":36},"end":{"line":40,"column":null}},"9":{"start":{"line":41,"column":6},"end":{"line":41,"column":null}},"10":{"start":{"line":45,"column":17},"end":{"line":45,"column":null}},"11":{"start":{"line":46,"column":4},"end":{"line":46,"column":null}},"12":{"start":{"line":49,"column":38},"end":{"line":49,"column":null}},"13":{"start":{"line":50,"column":15},"end":{"line":50,"column":null}}},"fnMap":{"0":{"name":"(anonymous_0)","decl":{"start":{"line":25,"column":37},"end":{"line":25,"column":65}},"loc":{"start":{"line":25,"column":79},"end":{"line":51,"column":2}},"line":25},"1":{"name":"(anonymous_1)","decl":{"start":{"line":30,"column":2},"end":{"line":30,"column":19}},"loc":{"start":{"line":30,"column":35},"end":{"line":30,"column":null}},"line":30},"2":{"name":"(anonymous_2)","decl":{"start":{"line":32,"column":2},"end":{"line":32,"column":12}},"loc":{"start":{"line":33,"column":4},"end":{"line":35,"column":null}},"line":33},"3":{"name":"(anonymous_3)","decl":{"start":{"line":33,"column":4},"end":{"line":33,"column":9}},"loc":{"start":{"line":33,"column":20},"end":{"line":35,"column":6}},"line":33},"4":{"name":"(anonymous_4)","decl":{"start":{"line":37,"column":2},"end":{"line":37,"column":15}},"loc":{"start":{"line":38,"column":4},"end":{"line":42,"column":null}},"line":38},"5":{"name":"(anonymous_5)","decl":{"start":{"line":38,"column":4},"end":{"line":38,"column":9}},"loc":{"start":{"line":38,"column":19},"end":{"line":42,"column":5}},"line":38},"6":{"name":"(anonymous_6)","decl":{"start":{"line":44,"column":2},"end":{"line":44,"column":20}},"loc":{"start":{"line":44,"column":48},"end":{"line":47,"column":null}},"line":44},"7":{"name":"(anonymous_7)","decl":{"start":{"line":49,"column":2},"end":{"line":49,"column":26}},"loc":{"start":{"line":49,"column":38},"end":{"line":49,"column":null}},"line":49},"8":{"name":"(anonymous_8)","decl":{"start":{"line":50,"column":2},"end":{"line":50,"column":15}},"loc":{"start":{"line":50,"column":15},"end":{"line":50,"column":null}},"line":50}},"branchMap":{"0":{"loc":{"start":{"line":46,"column":11},"end":{"line":46,"column":null}},"type":"binary-expr","locations":[{"start":{"line":46,"column":11},"end":{"line":46,"column":21}},{"start":{"line":46,"column":21},"end":{"line":46,"column":null}}],"line":46}},"s":{"0":1,"1":1,"2":1,"3":2,"4":5,"5":5,"6":2,"7":2,"8":2,"9":2,"10":3,"11":3,"12":4,"13":1},"f":{"0":1,"1":2,"2":5,"3":5,"4":2,"5":2,"6":3,"7":4,"8":1},"b":{"0":[3,2]},"meta":{"lastBranch":1,"lastFunction":9,"lastStatement":14,"seen":{"s:1:0:1:Infinity":0,"s:25:37:51:Infinity":1,"f:25:37:25:65":0,"s:25:79:51:2":2,"f:30:2:30:19":1,"s:30:35:30:Infinity":3,"f:32:2:32:12":2,"s:33:4:35:Infinity":4,"f:33:4:33:9":3,"s:33:20:35:6":5,"f:37:2:37:15":4,"s:38:4:42:Infinity":6,"f:38:4:38:9":5,"s:39:18:39:Infinity":7,"s:40:36:40:Infinity":8,"s:41:6:41:Infinity":9,"f:44:2:44:20":6,"s:45:17:45:Infinity":10,"s:46:4:46:Infinity":11,"b:46:11:46:21:46:21:46:Infinity":0,"f:49:2:49:26":7,"s:49:38:49:Infinity":12,"f:50:2:50:15":8,"s:50:15:50:Infinity":13},"fnNames":{}}}
,"D:\\My Respository\\i18n-manager\\src\\stores\\editorStore.ts": {"path":"D:\\My Respository\\i18n-manager\\src\\stores\\editorStore.ts","statementMap":{"0":{"start":{"line":1,"column":0},"end":{"line":1,"column":null}},"1":{"start":{"line":40,"column":21},"end":{"line":51,"column":null}},"2":{"start":{"line":53,"column":30},"end":{"line":227,"column":null}},"3":{"start":{"line":53,"column":60},"end":{"line":227,"column":2}},"4":{"start":{"line":56,"column":31},"end":{"line":56,"column":null}},"5":{"start":{"line":57,"column":37},"end":{"line":57,"column":null}},"6":{"start":{"line":58,"column":45},"end":{"line":58,"column":null}},"7":{"start":{"line":59,"column":25},"end":{"line":59,"column":null}},"8":{"start":{"line":60,"column":28},"end":{"line":60,"column":null}},"9":{"start":{"line":62,"column":4},"end":{"line":70,"column":null}},"10":{"start":{"line":64,"column":23},"end":{"line":64,"column":null}},"11":{"start":{"line":65,"column":66},"end":{"line":65,"column":null}},"12":{"start":{"line":66,"column":6},"end":{"line":68,"column":null}},"13":{"start":{"line":67,"column":8},"end":{"line":67,"column":null}},"14":{"start":{"line":69,"column":6},"end":{"line":69,"column":null}},"15":{"start":{"line":73,"column":4},"end":{"line":103,"column":null}},"16":{"start":{"line":75,"column":23},"end":{"line":75,"column":null}},"17":{"start":{"line":76,"column":21},"end":{"line":76,"column":null}},"18":{"start":{"line":79,"column":12},"end":{"line":96,"column":null}},"19":{"start":{"line":80,"column":8},"end":{"line":95,"column":null}},"20":{"start":{"line":81,"column":10},"end":{"line":94,"column":null}},"21":{"start":{"line":82,"column":12},"end":{"line":82,"column":null}},"22":{"start":{"line":83,"column":17},"end":{"line":94,"column":null}},"23":{"start":{"line":87,"column":12},"end":{"line":93,"column":null}},"24":{"start":{"line":89,"column":14},"end":{"line":89,"column":null}},"25":{"start":{"line":92,"column":14},"end":{"line":92,"column":null}},"26":{"start":{"line":98,"column":6},"end":{"line":98,"column":null}},"27":{"start":{"line":99,"column":6},"end":{"line":102,"column":null}},"28":{"start":{"line":106,"column":4},"end":{"line":112,"column":null}},"29":{"start":{"line":107,"column":37},"end":{"line":107,"column":null}},"30":{"start":{"line":108,"column":6},"end":{"line":111,"column":null}},"31":{"start":{"line":114,"column":27},"end":{"line":114,"column":null}},"32":{"start":{"line":117,"column":4},"end":{"line":127,"column":null}},"33":{"start":{"line":120,"column":23},"end":{"line":120,"column":null}},"34":{"start":{"line":121,"column":24},"end":{"line":121,"column":null}},"35":{"start":{"line":122,"column":6},"end":{"line":126,"column":null}},"36":{"start":{"line":130,"column":4},"end":{"line":171,"column":null}},"37":{"start":{"line":131,"column":6},"end":{"line":131,"column":null}},"38":{"start":{"line":131,"column":117},"end":{"line":131,"column":null}},"39":{"start":{"line":133,"column":29},"end":{"line":133,"column":null}},"40":{"start":{"line":134,"column":64},"end":{"line":134,"column":null}},"41":{"start":{"line":135,"column":6},"end":{"line":169,"column":null}},"42":{"start":{"line":137,"column":8},"end":{"line":143,"column":null}},"43":{"start":{"line":138,"column":10},"end":{"line":138,"column":null}},"44":{"start":{"line":141,"column":10},"end":{"line":141,"column":null}},"45":{"start":{"line":142,"column":10},"end":{"line":142,"column":null}},"46":{"start":{"line":145,"column":8},"end":{"line":152,"column":null}},"47":{"start":{"line":146,"column":10},"end":{"line":151,"column":null}},"48":{"start":{"line":147,"column":12},"end":{"line":150,"column":null}},"49":{"start":{"line":148,"column":14},"end":{"line":148,"column":null}},"50":{"start":{"line":149,"column":14},"end":{"line":149,"column":null}},"51":{"start":{"line":154,"column":8},"end":{"line":158,"column":null}},"52":{"start":{"line":155,"column":10},"end":{"line":157,"column":null}},"53":{"start":{"line":156,"column":12},"end":{"line":156,"column":null}},"54":{"start":{"line":160,"column":8},"end":{"line":162,"column":null}},"55":{"start":{"line":161,"column":10},"end":{"line":161,"column":null}},"56":{"start":{"line":163,"column":8},"end":{"line":168,"column":null}},"57":{"start":{"line":164,"column":30},"end":{"line":164,"column":null}},"58":{"start":{"line":165,"column":10},"end":{"line":165,"column":null}},"59":{"start":{"line":167,"column":10},"end":{"line":167,"column":null}},"60":{"start":{"line":170,"column":6},"end":{"line":170,"column":null}},"61":{"start":{"line":174,"column":4},"end":{"line":198,"column":null}},"62":{"start":{"line":175,"column":26},"end":{"line":175,"column":null}},"63":{"start":{"line":176,"column":64},"end":{"line":176,"column":null}},"64":{"start":{"line":177,"column":6},"end":{"line":196,"column":null}},"65":{"start":{"line":179,"column":8},"end":{"line":184,"column":null}},"66":{"start":{"line":180,"column":10},"end":{"line":180,"column":null}},"67":{"start":{"line":182,"column":10},"end":{"line":182,"column":null}},"68":{"start":{"line":183,"column":10},"end":{"line":183,"column":null}},"69":{"start":{"line":185,"column":44},"end":{"line":185,"column":null}},"70":{"start":{"line":186,"column":8},"end":{"line":188,"column":null}},"71":{"start":{"line":187,"column":10},"end":{"line":187,"column":null}},"72":{"start":{"line":189,"column":8},"end":{"line":195,"column":null}},"73":{"start":{"line":190,"column":30},"end":{"line":190,"column":null}},"74":{"start":{"line":191,"column":33},"end":{"line":191,"column":null}},"75":{"start":{"line":192,"column":10},"end":{"line":192,"column":null}},"76":{"start":{"line":194,"column":10},"end":{"line":194,"column":null}},"77":{"start":{"line":197,"column":6},"end":{"line":197,"column":null}},"78":{"start":{"line":202,"column":4},"end":{"line":221,"column":null}},"79":{"start":{"line":203,"column":12},"end":{"line":214,"column":null}},"80":{"start":{"line":204,"column":44},"end":{"line":204,"column":null}},"81":{"start":{"line":205,"column":8},"end":{"line":212,"column":null}},"82":{"start":{"line":206,"column":24},"end":{"line":206,"column":null}},"83":{"start":{"line":207,"column":10},"end":{"line":211,"column":null}},"84":{"start":{"line":208,"column":12},"end":{"line":208,"column":null}},"85":{"start":{"line":210,"column":12},"end":{"line":210,"column":null}},"86":{"start":{"line":213,"column":8},"end":{"line":213,"column":null}},"87":{"start":{"line":215,"column":27},"end":{"line":215,"column":null}},"88":{"start":{"line":216,"column":63},"end":{"line":216,"column":null}},"89":{"start":{"line":217,"column":6},"end":{"line":219,"column":null}},"90":{"start":{"line":218,"column":8},"end":{"line":218,"column":null}},"91":{"start":{"line":220,"column":6},"end":{"line":220,"column":null}},"92":{"start":{"line":223,"column":27},"end":{"line":223,"column":null}},"93":{"start":{"line":224,"column":31},"end":{"line":224,"column":null}},"94":{"start":{"line":225,"column":51},"end":{"line":225,"column":null}},"95":{"start":{"line":226,"column":15},"end":{"line":226,"column":null}}},"fnMap":{"0":{"name":"(anonymous_0)","decl":{"start":{"line":53,"column":30},"end":{"line":53,"column":51}},"loc":{"start":{"line":53,"column":60},"end":{"line":227,"column":2}},"line":53},"1":{"name":"(anonymous_1)","decl":{"start":{"line":56,"column":2},"end":{"line":56,"column":17}},"loc":{"start":{"line":56,"column":31},"end":{"line":56,"column":null}},"line":56},"2":{"name":"(anonymous_2)","decl":{"start":{"line":57,"column":2},"end":{"line":57,"column":20}},"loc":{"start":{"line":57,"column":37},"end":{"line":57,"column":null}},"line":57},"3":{"name":"(anonymous_3)","decl":{"start":{"line":58,"column":2},"end":{"line":58,"column":24}},"loc":{"start":{"line":58,"column":45},"end":{"line":58,"column":null}},"line":58},"4":{"name":"(anonymous_4)","decl":{"start":{"line":59,"column":2},"end":{"line":59,"column":14}},"loc":{"start":{"line":59,"column":25},"end":{"line":59,"column":null}},"line":59},"5":{"name":"(anonymous_5)","decl":{"start":{"line":60,"column":2},"end":{"line":60,"column":17}},"loc":{"start":{"line":60,"column":28},"end":{"line":60,"column":null}},"line":60},"6":{"name":"(anonymous_6)","decl":{"start":{"line":61,"column":2},"end":{"line":61,"column":19}},"loc":{"start":{"line":62,"column":4},"end":{"line":70,"column":null}},"line":62},"7":{"name":"(anonymous_7)","decl":{"start":{"line":62,"column":4},"end":{"line":62,"column":9}},"loc":{"start":{"line":62,"column":19},"end":{"line":70,"column":5}},"line":62},"8":{"name":"(anonymous_8)","decl":{"start":{"line":72,"column":2},"end":{"line":72,"column":15}},"loc":{"start":{"line":73,"column":4},"end":{"line":103,"column":null}},"line":73},"9":{"name":"(anonymous_9)","decl":{"start":{"line":73,"column":4},"end":{"line":73,"column":9}},"loc":{"start":{"line":73,"column":19},"end":{"line":103,"column":5}},"line":73},"10":{"name":"(anonymous_10)","decl":{"start":{"line":79,"column":12},"end":{"line":79,"column":29}},"loc":{"start":{"line":79,"column":90},"end":{"line":96,"column":null}},"line":79},"11":{"name":"(anonymous_11)","decl":{"start":{"line":105,"column":2},"end":{"line":105,"column":16}},"loc":{"start":{"line":106,"column":4},"end":{"line":112,"column":null}},"line":106},"12":{"name":"(anonymous_12)","decl":{"start":{"line":106,"column":4},"end":{"line":106,"column":9}},"loc":{"start":{"line":106,"column":19},"end":{"line":112,"column":5}},"line":106},"13":{"name":"(anonymous_13)","decl":{"start":{"line":114,"column":2},"end":{"line":114,"column":18}},"loc":{"start":{"line":114,"column":27},"end":{"line":114,"column":null}},"line":114},"14":{"name":"(anonymous_14)","decl":{"start":{"line":116,"column":2},"end":{"line":116,"column":22}},"loc":{"start":{"line":117,"column":4},"end":{"line":127,"column":null}},"line":117},"15":{"name":"(anonymous_15)","decl":{"start":{"line":117,"column":4},"end":{"line":117,"column":9}},"loc":{"start":{"line":117,"column":19},"end":{"line":127,"column":5}},"line":117},"16":{"name":"(anonymous_16)","decl":{"start":{"line":129,"column":2},"end":{"line":129,"column":20}},"loc":{"start":{"line":130,"column":4},"end":{"line":171,"column":null}},"line":130},"17":{"name":"(anonymous_17)","decl":{"start":{"line":130,"column":4},"end":{"line":130,"column":9}},"loc":{"start":{"line":130,"column":19},"end":{"line":171,"column":5}},"line":130},"18":{"name":"(anonymous_18)","decl":{"start":{"line":173,"column":2},"end":{"line":173,"column":29}},"loc":{"start":{"line":174,"column":4},"end":{"line":198,"column":null}},"line":174},"19":{"name":"(anonymous_19)","decl":{"start":{"line":174,"column":4},"end":{"line":174,"column":9}},"loc":{"start":{"line":174,"column":19},"end":{"line":198,"column":5}},"line":174},"20":{"name":"(anonymous_20)","decl":{"start":{"line":201,"column":2},"end":{"line":201,"column":null}},"loc":{"start":{"line":202,"column":4},"end":{"line":221,"column":null}},"line":202},"21":{"name":"(anonymous_21)","decl":{"start":{"line":202,"column":4},"end":{"line":202,"column":9}},"loc":{"start":{"line":202,"column":19},"end":{"line":221,"column":5}},"line":202},"22":{"name":"(anonymous_22)","decl":{"start":{"line":203,"column":12},"end":{"line":203,"column":24}},"loc":{"start":{"line":203,"column":74},"end":{"line":214,"column":null}},"line":203},"23":{"name":"(anonymous_23)","decl":{"start":{"line":223,"column":2},"end":{"line":223,"column":15}},"loc":{"start":{"line":223,"column":27},"end":{"line":223,"column":null}},"line":223},"24":{"name":"(anonymous_24)","decl":{"start":{"line":224,"column":2},"end":{"line":224,"column":17}},"loc":{"start":{"line":224,"column":31},"end":{"line":224,"column":null}},"line":224},"25":{"name":"(anonymous_25)","decl":{"start":{"line":225,"column":2},"end":{"line":225,"column":18}},"loc":{"start":{"line":225,"column":51},"end":{"line":225,"column":null}},"line":225},"26":{"name":"(anonymous_26)","decl":{"start":{"line":226,"column":2},"end":{"line":226,"column":15}},"loc":{"start":{"line":226,"column":15},"end":{"line":226,"column":null}},"line":226}},"branchMap":{"0":{"loc":{"start":{"line":81,"column":10},"end":{"line":94,"column":null}},"type":"if","locations":[{"start":{"line":81,"column":10},"end":{"line":94,"column":null}},{"start":{"line":83,"column":17},"end":{"line":94,"column":null}}],"line":81},"1":{"loc":{"start":{"line":83,"column":17},"end":{"line":94,"column":null}},"type":"if","locations":[{"start":{"line":83,"column":17},"end":{"line":94,"column":null}},{"start":{},"end":{}}],"line":83},"2":{"loc":{"start":{"line":84,"column":12},"end":{"line":84,"column":null}},"type":"binary-expr","locations":[{"start":{"line":84,"column":12},"end":{"line":84,"column":30}},{"start":{"line":84,"column":30},"end":{"line":84,"column":59}},{"start":{"line":84,"column":59},"end":{"line":84,"column":null}}],"line":84},"3":{"loc":{"start":{"line":87,"column":12},"end":{"line":93,"column":null}},"type":"if","locations":[{"start":{"line":87,"column":12},"end":{"line":93,"column":null}},{"start":{"line":90,"column":19},"end":{"line":93,"column":null}}],"line":87},"4":{"loc":{"start":{"line":87,"column":16},"end":{"line":87,"column":104}},"type":"binary-expr","locations":[{"start":{"line":87,"column":16},"end":{"line":87,"column":40}},{"start":{"line":87,"column":40},"end":{"line":87,"column":75}},{"start":{"line":87,"column":75},"end":{"line":87,"column":104}}],"line":87},"5":{"loc":{"start":{"line":101,"column":20},"end":{"line":101,"column":null}},"type":"binary-expr","locations":[{"start":{"line":101,"column":20},"end":{"line":101,"column":40}},{"start":{"line":101,"column":40},"end":{"line":101,"column":null}}],"line":101},"6":{"loc":{"start":{"line":110,"column":20},"end":{"line":110,"column":null}},"type":"cond-expr","locations":[{"start":{"line":110,"column":49},"end":{"line":110,"column":81}},{"start":{"line":110,"column":81},"end":{"line":110,"column":null}}],"line":110},"7":{"loc":{"start":{"line":110,"column":49},"end":{"line":110,"column":81}},"type":"binary-expr","locations":[{"start":{"line":110,"column":49},"end":{"line":110,"column":73}},{"start":{"line":110,"column":73},"end":{"line":110,"column":81}}],"line":110},"8":{"loc":{"start":{"line":131,"column":6},"end":{"line":131,"column":null}},"type":"if","locations":[{"start":{"line":131,"column":6},"end":{"line":131,"column":null}},{"start":{},"end":{}}],"line":131},"9":{"loc":{"start":{"line":131,"column":10},"end":{"line":131,"column":117}},"type":"binary-expr","locations":[{"start":{"line":131,"column":10},"end":{"line":131,"column":36}},{"start":{"line":131,"column":36},"end":{"line":131,"column":65}},{"start":{"line":131,"column":65},"end":{"line":131,"column":79}},{"start":{"line":131,"column":79},"end":{"line":131,"column":117}}],"line":131},"10":{"loc":{"start":{"line":145,"column":8},"end":{"line":152,"column":null}},"type":"if","locations":[{"start":{"line":145,"column":8},"end":{"line":152,"column":null}},{"start":{},"end":{}}],"line":145},"11":{"loc":{"start":{"line":147,"column":12},"end":{"line":150,"column":null}},"type":"if","locations":[{"start":{"line":147,"column":12},"end":{"line":150,"column":null}},{"start":{},"end":{}}],"line":147},"12":{"loc":{"start":{"line":155,"column":10},"end":{"line":157,"column":null}},"type":"if","locations":[{"start":{"line":155,"column":10},"end":{"line":157,"column":null}},{"start":{},"end":{}}],"line":155},"13":{"loc":{"start":{"line":187,"column":24},"end":{"line":187,"column":null}},"type":"cond-expr","locations":[{"start":{"line":187,"column":45},"end":{"line":187,"column":64}},{"start":{"line":187,"column":64},"end":{"line":187,"column":null}}],"line":187},"14":{"loc":{"start":{"line":207,"column":10},"end":{"line":211,"column":null}},"type":"if","locations":[{"start":{"line":207,"column":10},"end":{"line":211,"column":null}},{"start":{"line":209,"column":17},"end":{"line":211,"column":null}}],"line":207},"15":{"loc":{"start":{"line":207,"column":14},"end":{"line":207,"column":84}},"type":"binary-expr","locations":[{"start":{"line":207,"column":14},"end":{"line":207,"column":32}},{"start":{"line":207,"column":32},"end":{"line":207,"column":61}},{"start":{"line":207,"column":61},"end":{"line":207,"column":84}}],"line":207},"16":{"loc":{"start":{"line":225,"column":30},"end":{"line":225,"column":51}},"type":"default-arg","locations":[{"start":{"line":225,"column":42},"end":{"line":225,"column":51}}],"line":225}},"s":{"0":2,"1":2,"2":2,"3":2,"4":2,"5":1,"6":1,"7":20,"8":2,"9":11,"10":11,"11":11,"12":11,"13":11,"14":11,"15":14,"16":14,"17":14,"18":14,"19":15,"20":13,"21":2,"22":11,"23":2,"24":1,"25":1,"26":14,"27":14,"28":3,"29":3,"30":3,"31":2,"32":2,"33":2,"34":2,"35":2,"36":6,"37":6,"38":1,"39":5,"40":5,"41":5,"42":6,"43":6,"44":1,"45":1,"46":5,"47":1,"48":1,"49":1,"50":1,"51":5,"52":4,"53":3,"54":5,"55":4,"56":5,"57":5,"58":5,"59":0,"60":5,"61":2,"62":2,"63":2,"64":2,"65":2,"66":2,"67":1,"68":1,"69":1,"70":1,"71":2,"72":1,"73":1,"74":1,"75":1,"76":0,"77":2,"78":1,"79":1,"80":4,"81":4,"82":10,"83":10,"84":2,"85":8,"86":4,"87":1,"88":1,"89":1,"90":1,"91":1,"92":1,"93":1,"94":1,"95":1},"f":{"0":2,"1":2,"2":1,"3":1,"4":20,"5":2,"6":11,"7":11,"8":14,"9":14,"10":15,"11":3,"12":3,"13":2,"14":2,"15":2,"16":6,"17":6,"18":2,"19":2,"20":1,"21":1,"22":4,"23":1,"24":1,"25":1,"26":1},"b":{"0":[2,11],"1":[2,9],"2":[11,11,2],"3":[1,1],"4":[2,2,1],"5":[14,11],"6":[3,0],"7":[3,1],"8":[1,5],"9":[6,2,1,0],"10":[1,4],"11":[1,0],"12":[3,1],"13":[1,1],"14":[2,8],"15":[10,10,2],"16":[1]},"meta":{"lastBranch":17,"lastFunction":27,"lastStatement":96,"seen":{"s:1:0:1:Infinity":0,"s:40:21:51:Infinity":1,"s:53:30:227:Infinity":2,"f:53:30:53:51":0,"s:53:60:227:2":3,"f:56:2:56:17":1,"s:56:31:56:Infinity":4,"f:57:2:57:20":2,"s:57:37:57:Infinity":5,"f:58:2:58:24":3,"s:58:45:58:Infinity":6,"f:59:2:59:14":4,"s:59:25:59:Infinity":7,"f:60:2:60:17":5,"s:60:28:60:Infinity":8,"f:61:2:61:19":6,"s:62:4:70:Infinity":9,"f:62:4:62:9":7,"s:64:23:64:Infinity":10,"s:65:66:65:Infinity":11,"s:66:6:68:Infinity":12,"s:67:8:67:Infinity":13,"s:69:6:69:Infinity":14,"f:72:2:72:15":8,"s:73:4:103:Infinity":15,"f:73:4:73:9":9,"s:75:23:75:Infinity":16,"s:76:21:76:Infinity":17,"s:79:12:96:Infinity":18,"f:79:12:79:29":10,"s:80:8:95:Infinity":19,"b:81:10:94:Infinity:83:17:94:Infinity":0,"s:81:10:94:Infinity":20,"s:82:12:82:Infinity":21,"b:83:17:94:Infinity:undefined:undefined:undefined:undefined":1,"s:83:17:94:Infinity":22,"b:84:12:84:30:84:30:84:59:84:59:84:Infinity":2,"b:87:12:93:Infinity:90:19:93:Infinity":3,"s:87:12:93:Infinity":23,"b:87:16:87:40:87:40:87:75:87:75:87:104":4,"s:89:14:89:Infinity":24,"s:92:14:92:Infinity":25,"s:98:6:98:Infinity":26,"s:99:6:102:Infinity":27,"b:101:20:101:40:101:40:101:Infinity":5,"f:105:2:105:16":11,"s:106:4:112:Infinity":28,"f:106:4:106:9":12,"s:107:37:107:Infinity":29,"s:108:6:111:Infinity":30,"b:110:49:110:81:110:81:110:Infinity":6,"b:110:49:110:73:110:73:110:81":7,"f:114:2:114:18":13,"s:114:27:114:Infinity":31,"f:116:2:116:22":14,"s:117:4:127:Infinity":32,"f:117:4:117:9":15,"s:120:23:120:Infinity":33,"s:121:24:121:Infinity":34,"s:122:6:126:Infinity":35,"f:129:2:129:20":16,"s:130:4:171:Infinity":36,"f:130:4:130:9":17,"b:131:6:131:Infinity:undefined:undefined:undefined:undefined":8,"s:131:6:131:Infinity":37,"b:131:10:131:36:131:36:131:65:131:65:131:79:131:79:131:117":9,"s:131:117:131:Infinity":38,"s:133:29:133:Infinity":39,"s:134:64:134:Infinity":40,"s:135:6:169:Infinity":41,"s:137:8:143:Infinity":42,"s:138:10:138:Infinity":43,"s:141:10:141:Infinity":44,"s:142:10:142:Infinity":45,"b:145:8:152:Infinity:undefined:undefined:undefined:undefined":10,"s:145:8:152:Infinity":46,"s:146:10:151:Infinity":47,"b:147:12:150:Infinity:undefined:undefined:undefined:undefined":11,"s:147:12:150:Infinity":48,"s:148:14:148:Infinity":49,"s:149:14:149:Infinity":50,"s:154:8:158:Infinity":51,"b:155:10:157:Infinity:undefined:undefined:undefined:undefined":12,"s:155:10:157:Infinity":52,"s:156:12:156:Infinity":53,"s:160:8:162:Infinity":54,"s:161:10:161:Infinity":55,"s:163:8:168:Infinity":56,"s:164:30:164:Infinity":57,"s:165:10:165:Infinity":58,"s:167:10:167:Infinity":59,"s:170:6:170:Infinity":60,"f:173:2:173:29":18,"s:174:4:198:Infinity":61,"f:174:4:174:9":19,"s:175:26:175:Infinity":62,"s:176:64:176:Infinity":63,"s:177:6:196:Infinity":64,"s:179:8:184:Infinity":65,"s:180:10:180:Infinity":66,"s:182:10:182:Infinity":67,"s:183:10:183:Infinity":68,"s:185:44:185:Infinity":69,"s:186:8:188:Infinity":70,"s:187:10:187:Infinity":71,"b:187:45:187:64:187:64:187:Infinity":13,"s:189:8:195:Infinity":72,"s:190:30:190:Infinity":73,"s:191:33:191:Infinity":74,"s:192:10:192:Infinity":75,"s:194:10:194:Infinity":76,"s:197:6:197:Infinity":77,"f:201:2:201:Infinity":20,"s:202:4:221:Infinity":78,"f:202:4:202:9":21,"s:203:12:214:Infinity":79,"f:203:12:203:24":22,"s:204:44:204:Infinity":80,"s:205:8:212:Infinity":81,"s:206:24:206:Infinity":82,"b:207:10:211:Infinity:209:17:211:Infinity":14,"s:207:10:211:Infinity":83,"b:207:14:207:32:207:32:207:61:207:61:207:84":15,"s:208:12:208:Infinity":84,"s:210:12:210:Infinity":85,"s:213:8:213:Infinity":86,"s:215:27:215:Infinity":87,"s:216:63:216:Infinity":88,"s:217:6:219:Infinity":89,"s:218:8:218:Infinity":90,"s:220:6:220:Infinity":91,"f:223:2:223:15":23,"s:223:27:223:Infinity":92,"f:224:2:224:17":24,"s:224:31:224:Infinity":93,"f:225:2:225:18":25,"s:225:51:225:Infinity":94,"b:225:42:225:51":16,"f:226:2:226:15":26,"s:226:15:226:Infinity":95},"fnNames":{}}}
}
